
> frontend@0.0.0 start
> ng serve

[33m>[39m Building...
[32m√[39m Building...
[1mInitial chunk files[22m[2m | [22m[1mNames[22m        [2m | [22m[1mRaw size[22m
[32mmain.js[39m            [2m | [22m[2mmain[22m         [2m | [22m [36m9.58 kB[39m[2m | [22m
[32mstyles.css[39m         [2m | [22m[2mstyles[22m       [2m | [22m [36m7.35 kB[39m[2m | [22m

[1m [22m                  [2m | [22m[1mInitial total[22m[2m | [22m[1m16.94 kB[22m

[1mLazy chunk files[22m   [2m | [22m[1mNames[22m        [2m | [22m[1mRaw size[22m
[32mchunk-THESY3XZ.js[39m  [2m | [22m[2minvoices-page[22m[2m | [22m[36m41.39 kB[39m[2m | [22m
[32mchunk-NFYYRTGY.js[39m  [2m | [22m[2mproducts-page[22m[2m | [22m[36m20.86 kB[39m[2m | [22m
[32mchunk-3NKSDFIH.js[39m  [2m | [22m[2m-[22m            [2m | [22m [36m2.22 kB[39m[2m | [22m

Application bundle generation complete. [1.615 seconds] - 2026-04-17T15:24:01.834Z

Watch mode enabled. Watching for file changes...
NOTE: Raw file sizes do not reflect development server per-request transformations.
  [32m➜[39m  [1mLocal[22m:   [36mhttp://localhost:[1m4200[22m/[39m
[33m>[39m Changes detected. Rebuilding...
[32m√[39m Changes detected. Rebuilding...
[1mInitial chunk files[22m[2m | [22m[1mNames[22m        [2m | [22m[1mRaw size[22m
[32mmain.js[39m            [2m | [22m[2mmain[22m         [2m | [22m [36m9.58 kB[39m[2m | [22m

[1mLazy chunk files[22m   [2m | [22m[1mNames[22m        [2m | [22m[1mRaw size[22m
[32mchunk-7O4E76EZ.js[39m  [2m | [22m[2minvoices-page[22m[2m | [22m[36m41.39 kB[39m[2m | [22m
[32mchunk-HOGIDRUZ.js[39m  [2m | [22m[2mproducts-page[22m[2m | [22m[36m27.93 kB[39m[2m | [22m
[32mchunk-H254N7YS.js[39m  [2m | [22m[2m-[22m            [2m | [22m [36m2.33 kB[39m[2m | [22m

Application bundle generation complete. [0.950 seconds] - 2026-04-17T15:32:07.588Z

Page reload sent to client(s).
[33m>[39m Changes detected. Rebuilding...
[32m√[39m Changes detected. Rebuilding...
[1mInitial chunk files[22m[2m | [22m[1mNames[22m[2m | [22m[1mRaw size[22m
[32mmain.js[39m            [2m | [22m[2mmain[22m [2m | [22m[36m10.10 kB[39m[2m | [22m

Application bundle generation complete. [0.563 seconds] - 2026-04-17T15:36:09.989Z

Component update sent to client(s).
